>> Writing PID to tmp/pids/thin.3000.pid
>> Using rack adapter
/home/glidership/.rvm/gems/ruby-2.0.0-p451/gems/activesupport-3.0.0/lib/active_support/multibyte.rb:26: warning: already initialized constant Mail::Multibyte::VALID_CHARACTER
/home/glidership/.rvm/gems/ruby-2.0.0-p451/gems/mail-2.5.4/lib/mail/multibyte.rb:24: warning: previous definition of VALID_CHARACTER was here
>> Thin web server (v1.5.1 codename Straight Razor)
>> Maximum connections set to 1024
>> Listening on 0.0.0.0:3000, CTRL+C to stop
        SECURITY WARNING: No secret option provided to Rack::Session::Cookie.
        This poses a security threat. It is strongly recommended that you
        provide a secret to prevent exploits that may be possible from crafted
        cookies. This will not be supported in future versions of Rack, and
        future versions will even invalidate your existing user cookies.

        Called from: /home/glidership/.rvm/gems/ruby-2.0.0-p451/gems/rack-1.5.2/lib/rack/builder.rb:86:in `new'.
127.0.0.1 - - [13/Apr/2014 15:58:57] "GET / HTTP/1.1" 200 - 0.3266
127.0.0.1 - - [13/Apr/2014 15:58:57] "GET /assets/application-948c7f84f3cd5e0a3b67e3c85678eb6c.css HTTP/1.1" 304 - 0.0062
127.0.0.1 - - [13/Apr/2014 15:58:57] "GET /assets/application-3649d49425f13c63c418f74c1a78212f.js HTTP/1.1" 304 - 0.0078
127.0.0.1 - - [13/Apr/2014 15:58:57] "GET /setup.js HTTP/1.1" 200 - 0.1672
127.0.0.1 - - [13/Apr/2014 15:58:57] "GET /assets/missing.png HTTP/1.1" 304 - 0.0082
URI::InvalidURIError - bad URI(is not URI?): http://www.zeri-popullit.com/images/stories/ed buxh_thumb_medium380_0.jpg:
	/home/glidership/.rvm/rubies/ruby-2.0.0-p451/lib/ruby/2.0.0/uri/generic.rb:1203:in `rescue in merge'
	/home/glidership/.rvm/rubies/ruby-2.0.0-p451/lib/ruby/2.0.0/uri/generic.rb:1200:in `merge'
	/home/glidership/.rvm/rubies/ruby-2.0.0-p451/lib/ruby/2.0.0/uri/common.rb:237:in `each'
	/home/glidership/.rvm/rubies/ruby-2.0.0-p451/lib/ruby/2.0.0/uri/common.rb:237:in `inject'
	/home/glidership/.rvm/rubies/ruby-2.0.0-p451/lib/ruby/2.0.0/uri/common.rb:237:in `join'
	/home/glidership/.rvm/rubies/ruby-2.0.0-p451/lib/ruby/2.0.0/uri/common.rb:785:in `join'
	/var/www/monocle/app/models/post.rb:174:in `preview_url'
	/var/www/monocle/app/models/post.rb:201:in `as_json'
	/home/glidership/.rvm/gems/ruby-2.0.0-p451/gems/activesupport-3.0.0/lib/active_support/json/encoding.rb:46:in `block in encode'
	/home/glidership/.rvm/gems/ruby-2.0.0-p451/gems/activesupport-3.0.0/lib/active_support/json/encoding.rb:60:in `check_for_circular_references'
	/home/glidership/.rvm/gems/ruby-2.0.0-p451/gems/activesupport-3.0.0/lib/active_support/json/encoding.rb:45:in `encode'
	/home/glidership/.rvm/gems/ruby-2.0.0-p451/gems/activesupport-3.0.0/lib/active_support/json/encoding.rb:190:in `block in encode_json'
	/home/glidership/.rvm/gems/ruby-2.0.0-p451/gems/activesupport-3.0.0/lib/active_support/json/encoding.rb:190:in `map'
	/home/glidership/.rvm/gems/ruby-2.0.0-p451/gems/activesupport-3.0.0/lib/active_support/json/encoding.rb:190:in `encode_json'
	/home/glidership/.rvm/gems/ruby-2.0.0-p451/gems/activesupport-3.0.0/lib/active_support/json/encoding.rb:46:in `block in encode'
	/home/glidership/.rvm/gems/ruby-2.0.0-p451/gems/activesupport-3.0.0/lib/active_support/json/encoding.rb:60:in `check_for_circular_references'
	/home/glidership/.rvm/gems/ruby-2.0.0-p451/gems/activesupport-3.0.0/lib/active_support/json/encoding.rb:45:in `encode'
	/home/glidership/.rvm/gems/ruby-2.0.0-p451/gems/activesupport-3.0.0/lib/active_support/json/encoding.rb:30:in `encode'
	/home/glidership/.rvm/gems/ruby-2.0.0-p451/gems/activesupport-3.0.0/lib/active_support/core_ext/object/to_json.rb:15:in `to_json'
	/var/www/monocle/app/extensions/api.rb:8:in `json'
	/var/www/monocle/app/routes/posts.rb:30:in `block in <class:Posts>'
	/home/glidership/.rvm/gems/ruby-2.0.0-p451/gems/sinatra-1.4.3/lib/sinatra/base.rb:1541:in `call'
	/home/glidership/.rvm/gems/ruby-2.0.0-p451/gems/sinatra-1.4.3/lib/sinatra/base.rb:1541:in `block in compile!'
	/home/glidership/.rvm/gems/ruby-2.0.0-p451/gems/sinatra-1.4.3/lib/sinatra/base.rb:950:in `[]'
	/home/glidership/.rvm/gems/ruby-2.0.0-p451/gems/sinatra-1.4.3/lib/sinatra/base.rb:950:in `block (3 levels) in route!'
	/home/glidership/.rvm/gems/ruby-2.0.0-p451/gems/sinatra-1.4.3/lib/sinatra/base.rb:966:in `route_eval'
	/home/glidership/.rvm/gems/ruby-2.0.0-p451/gems/sinatra-1.4.3/lib/sinatra/base.rb:950:in `block (2 levels) in route!'
	/home/glidership/.rvm/gems/ruby-2.0.0-p451/gems/sinatra-1.4.3/lib/sinatra/base.rb:987:in `block in process_route'
	/home/glidership/.rvm/gems/ruby-2.0.0-p451/gems/sinatra-1.4.3/lib/sinatra/base.rb:985:in `catch'
	/home/glidership/.rvm/gems/ruby-2.0.0-p451/gems/sinatra-1.4.3/lib/sinatra/base.rb:985:in `process_route'
	/home/glidership/.rvm/gems/ruby-2.0.0-p451/gems/sinatra-1.4.3/lib/sinatra/base.rb:948:in `block in route!'
	/home/glidership/.rvm/gems/ruby-2.0.0-p451/gems/sinatra-1.4.3/lib/sinatra/base.rb:947:in `each'
	/home/glidership/.rvm/gems/ruby-2.0.0-p451/gems/sinatra-1.4.3/lib/sinatra/base.rb:947:in `route!'
	/home/glidership/.rvm/gems/ruby-2.0.0-p451/gems/sinatra-1.4.3/lib/sinatra/base.rb:1059:in `block in dispatch!'
	/home/glidership/.rvm/gems/ruby-2.0.0-p451/gems/sinatra-1.4.3/lib/sinatra/base.rb:1041:in `block in invoke'
	/home/glidership/.rvm/gems/ruby-2.0.0-p451/gems/sinatra-1.4.3/lib/sinatra/base.rb:1041:in `catch'
	/home/glidership/.rvm/gems/ruby-2.0.0-p451/gems/sinatra-1.4.3/lib/sinatra/base.rb:1041:in `invoke'
	/home/glidership/.rvm/gems/ruby-2.0.0-p451/gems/sinatra-1.4.3/lib/sinatra/base.rb:1056:in `dispatch!'
	/home/glidership/.rvm/gems/ruby-2.0.0-p451/gems/sinatra-1.4.3/lib/sinatra/base.rb:882:in `block in call!'
	/home/glidership/.rvm/gems/ruby-2.0.0-p451/gems/sinatra-1.4.3/lib/sinatra/base.rb:1041:in `block in invoke'
	/home/glidership/.rvm/gems/ruby-2.0.0-p451/gems/sinatra-1.4.3/lib/sinatra/base.rb:1041:in `catch'
	/home/glidership/.rvm/gems/ruby-2.0.0-p451/gems/sinatra-1.4.3/lib/sinatra/base.rb:1041:in `invoke'
	/home/glidership/.rvm/gems/ruby-2.0.0-p451/gems/sinatra-1.4.3/lib/sinatra/base.rb:882:in `call!'
	/home/glidership/.rvm/gems/ruby-2.0.0-p451/gems/sinatra-1.4.3/lib/sinatra/base.rb:870:in `call'
	/home/glidership/.rvm/gems/ruby-2.0.0-p451/gems/omniauth-1.1.4/lib/omniauth/strategy.rb:184:in `call!'
	/home/glidership/.rvm/gems/ruby-2.0.0-p451/gems/omniauth-1.1.4/lib/omniauth/strategy.rb:164:in `call'
	/home/glidership/.rvm/gems/ruby-2.0.0-p451/gems/omniauth-1.1.4/lib/omniauth/strategy.rb:184:in `call!'
	/home/glidership/.rvm/gems/ruby-2.0.0-p451/gems/omniauth-1.1.4/lib/omniauth/strategy.rb:164:in `call'
	/home/glidership/.rvm/gems/ruby-2.0.0-p451/gems/omniauth-1.1.4/lib/omniauth/builder.rb:49:in `call'
	/home/glidership/.rvm/gems/ruby-2.0.0-p451/gems/rack-1.5.2/lib/rack/logger.rb:15:in `call'
	/home/glidership/.rvm/gems/ruby-2.0.0-p451/gems/sinatra-1.4.3/lib/sinatra/base.rb:205:in `call'
	/home/glidership/.rvm/gems/ruby-2.0.0-p451/gems/rack-1.5.2/lib/rack/head.rb:11:in `call'
	/home/glidership/.rvm/gems/ruby-2.0.0-p451/gems/sinatra-1.4.3/lib/sinatra/showexceptions.rb:21:in `call'
	/home/glidership/.rvm/gems/ruby-2.0.0-p451/gems/sinatra-1.4.3/lib/sinatra/base.rb:175:in `call'
	/home/glidership/.rvm/gems/ruby-2.0.0-p451/gems/sinatra-1.4.3/lib/sinatra/base.rb:1949:in `call'
	/home/glidership/.rvm/gems/ruby-2.0.0-p451/gems/sinatra-1.4.3/lib/sinatra/base.rb:929:in `forward'
	/home/glidership/.rvm/gems/ruby-2.0.0-p451/gems/sinatra-1.4.3/lib/sinatra/base.rb:1000:in `route_missing'
	/home/glidership/.rvm/gems/ruby-2.0.0-p451/gems/sinatra-1.4.3/lib/sinatra/base.rb:961:in `route!'
	/home/glidership/.rvm/gems/ruby-2.0.0-p451/gems/sinatra-1.4.3/lib/sinatra/base.rb:957:in `route!'
	/home/glidership/.rvm/gems/ruby-2.0.0-p451/gems/sinatra-1.4.3/lib/sinatra/base.rb:957:in `route!'
	/home/glidership/.rvm/gems/ruby-2.0.0-p451/gems/sinatra-1.4.3/lib/sinatra/base.rb:957:in `route!'
	/home/glidership/.rvm/gems/ruby-2.0.0-p451/gems/sinatra-1.4.3/lib/sinatra/base.rb:1059:in `block in dispatch!'
	/home/glidership/.rvm/gems/ruby-2.0.0-p451/gems/sinatra-1.4.3/lib/sinatra/base.rb:1041:in `block in invoke'
	/home/glidership/.rvm/gems/ruby-2.0.0-p451/gems/sinatra-1.4.3/lib/sinatra/base.rb:1041:in `catch'
	/home/glidership/.rvm/gems/ruby-2.0.0-p451/gems/sinatra-1.4.3/lib/sinatra/base.rb:1041:in `invoke'
	/home/glidership/.rvm/gems/ruby-2.0.0-p451/gems/sinatra-1.4.3/lib/sinatra/base.rb:1056:in `dispatch!'
	/home/glidership/.rvm/gems/ruby-2.0.0-p451/gems/sinatra-1.4.3/lib/sinatra/base.rb:882:in `block in call!'
	/home/glidership/.rvm/gems/ruby-2.0.0-p451/gems/sinatra-1.4.3/lib/sinatra/base.rb:1041:in `block in invoke'
	/home/glidership/.rvm/gems/ruby-2.0.0-p451/gems/sinatra-1.4.3/lib/sinatra/base.rb:1041:in `catch'
	/home/glidership/.rvm/gems/ruby-2.0.0-p451/gems/sinatra-1.4.3/lib/sinatra/base.rb:1041:in `invoke'
	/home/glidership/.rvm/gems/ruby-2.0.0-p451/gems/sinatra-1.4.3/lib/sinatra/base.rb:882:in `call!'
	/home/glidership/.rvm/gems/ruby-2.0.0-p451/gems/sinatra-1.4.3/lib/sinatra/base.rb:870:in `call'
	/home/glidership/.rvm/gems/ruby-2.0.0-p451/gems/omniauth-1.1.4/lib/omniauth/strategy.rb:184:in `call!'
	/home/glidership/.rvm/gems/ruby-2.0.0-p451/gems/omniauth-1.1.4/lib/omniauth/strategy.rb:164:in `call'
	/home/glidership/.rvm/gems/ruby-2.0.0-p451/gems/omniauth-1.1.4/lib/omniauth/strategy.rb:184:in `call!'
	/home/glidership/.rvm/gems/ruby-2.0.0-p451/gems/omniauth-1.1.4/lib/omniauth/strategy.rb:164:in `call'
	/home/glidership/.rvm/gems/ruby-2.0.0-p451/gems/omniauth-1.1.4/lib/omniauth/builder.rb:49:in `call'
	/home/glidership/.rvm/gems/ruby-2.0.0-p451/gems/rack-1.5.2/lib/rack/logger.rb:15:in `call'
	/home/glidership/.rvm/gems/ruby-2.0.0-p451/gems/sinatra-1.4.3/lib/sinatra/base.rb:205:in `call'
	/home/glidership/.rvm/gems/ruby-2.0.0-p451/gems/rack-1.5.2/lib/rack/head.rb:11:in `call'
	/home/glidership/.rvm/gems/ruby-2.0.0-p451/gems/sinatra-1.4.3/lib/sinatra/showexceptions.rb:21:in `call'
	/home/glidership/.rvm/gems/ruby-2.0.0-p451/gems/sinatra-1.4.3/lib/sinatra/base.rb:175:in `call'
	/home/glidership/.rvm/gems/ruby-2.0.0-p451/gems/sinatra-1.4.3/lib/sinatra/base.rb:1949:in `call'
	/home/glidership/.rvm/gems/ruby-2.0.0-p451/gems/sinatra-1.4.3/lib/sinatra/base.rb:929:in `forward'
	/home/glidership/.rvm/gems/ruby-2.0.0-p451/gems/sinatra-1.4.3/lib/sinatra/base.rb:1000:in `route_missing'
	/home/glidership/.rvm/gems/ruby-2.0.0-p451/gems/sinatra-1.4.3/lib/sinatra/base.rb:961:in `route!'
	/home/glidership/.rvm/gems/ruby-2.0.0-p451/gems/sinatra-1.4.3/lib/sinatra/base.rb:957:in `route!'
	/home/glidership/.rvm/gems/ruby-2.0.0-p451/gems/sinatra-1.4.3/lib/sinatra/base.rb:957:in `route!'
	/home/glidership/.rvm/gems/ruby-2.0.0-p451/gems/sinatra-1.4.3/lib/sinatra/base.rb:1059:in `block in dispatch!'
	/home/glidership/.rvm/gems/ruby-2.0.0-p451/gems/sinatra-1.4.3/lib/sinatra/base.rb:1041:in `block in invoke'
	/home/glidership/.rvm/gems/ruby-2.0.0-p451/gems/sinatra-1.4.3/lib/sinatra/base.rb:1041:in `catch'
	/home/glidership/.rvm/gems/ruby-2.0.0-p451/gems/sinatra-1.4.3/lib/sinatra/base.rb:1041:in `invoke'
	/home/glidership/.rvm/gems/ruby-2.0.0-p451/gems/sinatra-1.4.3/lib/sinatra/base.rb:1056:in `dispatch!'
	/home/glidership/.rvm/gems/ruby-2.0.0-p451/gems/sinatra-1.4.3/lib/sinatra/base.rb:882:in `block in call!'
	/home/glidership/.rvm/gems/ruby-2.0.0-p451/gems/sinatra-1.4.3/lib/sinatra/base.rb:1041:in `block in invoke'
	/home/glidership/.rvm/gems/ruby-2.0.0-p451/gems/sinatra-1.4.3/lib/sinatra/base.rb:1041:in `catch'
	/home/glidership/.rvm/gems/ruby-2.0.0-p451/gems/sinatra-1.4.3/lib/sinatra/base.rb:1041:in `invoke'
	/home/glidership/.rvm/gems/ruby-2.0.0-p451/gems/sinatra-1.4.3/lib/sinatra/base.rb:882:in `call!'
	/home/glidership/.rvm/gems/ruby-2.0.0-p451/gems/sinatra-1.4.3/lib/sinatra/base.rb:870:in `call'
	/home/glidership/.rvm/gems/ruby-2.0.0-p451/gems/rack-1.5.2/lib/rack/logger.rb:15:in `call'
	/home/glidership/.rvm/gems/ruby-2.0.0-p451/gems/sinatra-1.4.3/lib/sinatra/base.rb:205:in `call'
	/home/glidership/.rvm/gems/ruby-2.0.0-p451/gems/rack-1.5.2/lib/rack/head.rb:11:in `call'
	/home/glidership/.rvm/gems/ruby-2.0.0-p451/gems/sinatra-1.4.3/lib/sinatra/showexceptions.rb:21:in `call'
	/home/glidership/.rvm/gems/ruby-2.0.0-p451/gems/sinatra-1.4.3/lib/sinatra/base.rb:175:in `call'
	/home/glidership/.rvm/gems/ruby-2.0.0-p451/gems/sinatra-1.4.3/lib/sinatra/base.rb:1949:in `call'
	/var/www/monocle/lib/rack/csrf.rb:28:in `call'
	/home/glidership/.rvm/gems/ruby-2.0.0-p451/gems/rack-1.5.2/lib/rack/deflater.rb:25:in `call'
	/home/glidership/.rvm/gems/ruby-2.0.0-p451/gems/rack-protection-1.5.0/lib/rack/protection/xss_header.rb:18:in `call'
	/home/glidership/.rvm/gems/ruby-2.0.0-p451/gems/rack-protection-1.5.0/lib/rack/protection/base.rb:49:in `call'
	/home/glidership/.rvm/gems/ruby-2.0.0-p451/gems/rack-protection-1.5.0/lib/rack/protection/base.rb:49:in `call'
	/home/glidership/.rvm/gems/ruby-2.0.0-p451/gems/rack-protection-1.5.0/lib/rack/protection/path_traversal.rb:16:in `call'
	/home/glidership/.rvm/gems/ruby-2.0.0-p451/gems/rack-protection-1.5.0/lib/rack/protection/json_csrf.rb:18:in `call'
	/home/glidership/.rvm/gems/ruby-2.0.0-p451/gems/rack-protection-1.5.0/lib/rack/protection/base.rb:49:in `call'
	/home/glidership/.rvm/gems/ruby-2.0.0-p451/gems/rack-protection-1.5.0/lib/rack/protection/base.rb:49:in `call'
	/home/glidership/.rvm/gems/ruby-2.0.0-p451/gems/rack-1.5.2/lib/rack/session/abstract/id.rb:225:in `context'
	/home/glidership/.rvm/gems/ruby-2.0.0-p451/gems/rack-1.5.2/lib/rack/session/abstract/id.rb:220:in `call'
	/home/glidership/.rvm/gems/ruby-2.0.0-p451/gems/rack-1.5.2/lib/rack/logger.rb:15:in `call'
	/home/glidership/.rvm/gems/ruby-2.0.0-p451/gems/rack-1.5.2/lib/rack/commonlogger.rb:33:in `call'
	/home/glidership/.rvm/gems/ruby-2.0.0-p451/gems/sinatra-1.4.3/lib/sinatra/base.rb:212:in `call'
	/home/glidership/.rvm/gems/ruby-2.0.0-p451/gems/sinatra-1.4.3/lib/sinatra/base.rb:205:in `call'
	/home/glidership/.rvm/gems/ruby-2.0.0-p451/gems/rack-1.5.2/lib/rack/head.rb:11:in `call'
	/home/glidership/.rvm/gems/ruby-2.0.0-p451/gems/sinatra-1.4.3/lib/sinatra/showexceptions.rb:21:in `call'
	/home/glidership/.rvm/gems/ruby-2.0.0-p451/gems/sinatra-1.4.3/lib/sinatra/base.rb:175:in `call'
	/home/glidership/.rvm/gems/ruby-2.0.0-p451/gems/sinatra-1.4.3/lib/sinatra/base.rb:1949:in `call'
	/home/glidership/.rvm/gems/ruby-2.0.0-p451/gems/sinatra-1.4.3/lib/sinatra/base.rb:1449:in `block in call'
	/home/glidership/.rvm/gems/ruby-2.0.0-p451/gems/sinatra-1.4.3/lib/sinatra/base.rb:1726:in `synchronize'
	/home/glidership/.rvm/gems/ruby-2.0.0-p451/gems/sinatra-1.4.3/lib/sinatra/base.rb:1449:in `call'
	/home/glidership/.rvm/gems/ruby-2.0.0-p451/gems/thin-1.5.1/lib/thin/connection.rb:81:in `block in pre_process'
	/home/glidership/.rvm/gems/ruby-2.0.0-p451/gems/thin-1.5.1/lib/thin/connection.rb:79:in `catch'
	/home/glidership/.rvm/gems/ruby-2.0.0-p451/gems/thin-1.5.1/lib/thin/connection.rb:79:in `pre_process'
	/home/glidership/.rvm/gems/ruby-2.0.0-p451/gems/thin-1.5.1/lib/thin/connection.rb:54:in `process'
	/home/glidership/.rvm/gems/ruby-2.0.0-p451/gems/thin-1.5.1/lib/thin/connection.rb:39:in `receive_data'
	/home/glidership/.rvm/gems/ruby-2.0.0-p451/gems/eventmachine-1.0.3/lib/eventmachine.rb:187:in `run_machine'
	/home/glidership/.rvm/gems/ruby-2.0.0-p451/gems/eventmachine-1.0.3/lib/eventmachine.rb:187:in `run'
	/home/glidership/.rvm/gems/ruby-2.0.0-p451/gems/thin-1.5.1/lib/thin/backends/base.rb:63:in `start'
	/home/glidership/.rvm/gems/ruby-2.0.0-p451/gems/thin-1.5.1/lib/thin/server.rb:159:in `start'
	/home/glidership/.rvm/gems/ruby-2.0.0-p451/gems/thin-1.5.1/lib/thin/controllers/controller.rb:86:in `start'
	/home/glidership/.rvm/gems/ruby-2.0.0-p451/gems/thin-1.5.1/lib/thin/runner.rb:187:in `run_command'
	/home/glidership/.rvm/gems/ruby-2.0.0-p451/gems/thin-1.5.1/lib/thin/runner.rb:152:in `run!'
	/home/glidership/.rvm/gems/ruby-2.0.0-p451/gems/thin-1.5.1/bin/thin:6:in `<top (required)>'
	/home/glidership/.rvm/gems/ruby-2.0.0-p451/bin/thin:23:in `load'
	/home/glidership/.rvm/gems/ruby-2.0.0-p451/bin/thin:23:in `<main>'
	/home/glidership/.rvm/gems/ruby-2.0.0-p451/bin/ruby_executable_hooks:15:in `eval'
	/home/glidership/.rvm/gems/ruby-2.0.0-p451/bin/ruby_executable_hooks:15:in `<main>'
127.0.0.1 - - [13/Apr/2014 15:58:58] "POST /v1/posts/newest HTTP/1.1" 500 - 0.4544
127.0.0.1 - - [13/Apr/2014 15:58:58] "GET /assets/up-icon.png HTTP/1.1" 304 - 0.0125
127.0.0.1 - - [13/Apr/2014 15:58:58] "GET /assets/add-icon.png HTTP/1.1" 304 - 0.0096
127.0.0.1 - - [13/Apr/2014 15:58:58] "GET /assets/config-icon.png HTTP/1.1" 304 - 0.0108
127.0.0.1 - - [13/Apr/2014 15:58:58] "GET /assets/popular-icon-active.png HTTP/1.1" 304 - 0.0116
127.0.0.1 - - [13/Apr/2014 15:58:58] "GET /assets/newest-icon_dark.png HTTP/1.1" 304 - 0.0105
127.0.0.1 - - [13/Apr/2014 15:58:58] "GET /assets/feed.png HTTP/1.1" 304 - 0.0103
127.0.0.1 - - [13/Apr/2014 15:58:58] "GET /assets/up-icon-active.png HTTP/1.1" 304 - 0.0074
127.0.0.1 - - [13/Apr/2014 15:58:58] "GET /assets/search-icon.png HTTP/1.1" 304 - 0.0083
127.0.0.1 - - [13/Apr/2014 15:58:58] "GET /assets/popular-icon.png HTTP/1.1" 304 - 0.0079
127.0.0.1 - - [13/Apr/2014 15:58:58] "GET /assets/newest-icon.png HTTP/1.1" 304 - 0.0077
127.0.0.1 - - [13/Apr/2014 15:58:58] "GET /assets/newest-icon-active.png HTTP/1.1" 304 - 0.0077
127.0.0.1 - - [13/Apr/2014 15:58:58] "GET /assets/search-icon-hover.png HTTP/1.1" 304 - 0.0077
127.0.0.1 - - [13/Apr/2014 15:58:58] "GET /assets/up-icon-hover.png HTTP/1.1" 304 - 0.0087
127.0.0.1 - - [13/Apr/2014 15:58:59] "GET /v1/posts/5b6da85b-2aa1-462f-80e4-3e755ed49371/comments?threaded=true HTTP/1.1" 200 - 0.0997
127.0.0.1 - - [13/Apr/2014 15:59:00] "GET /v1/posts/a12a0385-9d52-46e6-952f-ceda11e299a8/comments?threaded=true HTTP/1.1" 200 - 0.0103
127.0.0.1 - - [13/Apr/2014 15:59:01] "GET /v1/posts/e39afbe9-0ad3-49fa-b6f7-325ca63fbf18/comments?threaded=true HTTP/1.1" 200 - 0.0085
127.0.0.1 - - [13/Apr/2014 15:59:09] "GET / HTTP/1.1" 200 - 0.0114
127.0.0.1 - - [13/Apr/2014 15:59:09] "GET /assets/application-948c7f84f3cd5e0a3b67e3c85678eb6c.css HTTP/1.1" 304 - 0.0055
127.0.0.1 - - [13/Apr/2014 15:59:09] "GET /assets/application-3649d49425f13c63c418f74c1a78212f.js HTTP/1.1" 304 - 0.0064
127.0.0.1 - - [13/Apr/2014 15:59:09] "GET /setup.js HTTP/1.1" 200 - 0.1653
127.0.0.1 - - [13/Apr/2014 15:59:09] "GET /assets/missing.png HTTP/1.1" 304 - 0.0062
URI::InvalidURIError - bad URI(is not URI?): http://www.zeri-popullit.com/images/stories/ed buxh_thumb_medium380_0.jpg:
	/home/glidership/.rvm/rubies/ruby-2.0.0-p451/lib/ruby/2.0.0/uri/generic.rb:1203:in `rescue in merge'
	/home/glidership/.rvm/rubies/ruby-2.0.0-p451/lib/ruby/2.0.0/uri/generic.rb:1200:in `merge'
	/home/glidership/.rvm/rubies/ruby-2.0.0-p451/lib/ruby/2.0.0/uri/common.rb:237:in `each'
	/home/glidership/.rvm/rubies/ruby-2.0.0-p451/lib/ruby/2.0.0/uri/common.rb:237:in `inject'
	/home/glidership/.rvm/rubies/ruby-2.0.0-p451/lib/ruby/2.0.0/uri/common.rb:237:in `join'
	/home/glidership/.rvm/rubies/ruby-2.0.0-p451/lib/ruby/2.0.0/uri/common.rb:785:in `join'
	/var/www/monocle/app/models/post.rb:174:in `preview_url'
	/var/www/monocle/app/models/post.rb:201:in `as_json'
	/home/glidership/.rvm/gems/ruby-2.0.0-p451/gems/activesupport-3.0.0/lib/active_support/json/encoding.rb:46:in `block in encode'
	/home/glidership/.rvm/gems/ruby-2.0.0-p451/gems/activesupport-3.0.0/lib/active_support/json/encoding.rb:60:in `check_for_circular_references'
	/home/glidership/.rvm/gems/ruby-2.0.0-p451/gems/activesupport-3.0.0/lib/active_support/json/encoding.rb:45:in `encode'
	/home/glidership/.rvm/gems/ruby-2.0.0-p451/gems/activesupport-3.0.0/lib/active_support/json/encoding.rb:190:in `block in encode_json'
	/home/glidership/.rvm/gems/ruby-2.0.0-p451/gems/activesupport-3.0.0/lib/active_support/json/encoding.rb:190:in `map'
	/home/glidership/.rvm/gems/ruby-2.0.0-p451/gems/activesupport-3.0.0/lib/active_support/json/encoding.rb:190:in `encode_json'
	/home/glidership/.rvm/gems/ruby-2.0.0-p451/gems/activesupport-3.0.0/lib/active_support/json/encoding.rb:46:in `block in encode'
	/home/glidership/.rvm/gems/ruby-2.0.0-p451/gems/activesupport-3.0.0/lib/active_support/json/encoding.rb:60:in `check_for_circular_references'
	/home/glidership/.rvm/gems/ruby-2.0.0-p451/gems/activesupport-3.0.0/lib/active_support/json/encoding.rb:45:in `encode'
	/home/glidership/.rvm/gems/ruby-2.0.0-p451/gems/activesupport-3.0.0/lib/active_support/json/encoding.rb:30:in `encode'
	/home/glidership/.rvm/gems/ruby-2.0.0-p451/gems/activesupport-3.0.0/lib/active_support/core_ext/object/to_json.rb:15:in `to_json'
	/var/www/monocle/app/extensions/api.rb:8:in `json'
	/var/www/monocle/app/routes/posts.rb:30:in `block in <class:Posts>'
	/home/glidership/.rvm/gems/ruby-2.0.0-p451/gems/sinatra-1.4.3/lib/sinatra/base.rb:1541:in `call'
	/home/glidership/.rvm/gems/ruby-2.0.0-p451/gems/sinatra-1.4.3/lib/sinatra/base.rb:1541:in `block in compile!'
	/home/glidership/.rvm/gems/ruby-2.0.0-p451/gems/sinatra-1.4.3/lib/sinatra/base.rb:950:in `[]'
	/home/glidership/.rvm/gems/ruby-2.0.0-p451/gems/sinatra-1.4.3/lib/sinatra/base.rb:950:in `block (3 levels) in route!'
	/home/glidership/.rvm/gems/ruby-2.0.0-p451/gems/sinatra-1.4.3/lib/sinatra/base.rb:966:in `route_eval'
	/home/glidership/.rvm/gems/ruby-2.0.0-p451/gems/sinatra-1.4.3/lib/sinatra/base.rb:950:in `block (2 levels) in route!'
	/home/glidership/.rvm/gems/ruby-2.0.0-p451/gems/sinatra-1.4.3/lib/sinatra/base.rb:987:in `block in process_route'
	/home/glidership/.rvm/gems/ruby-2.0.0-p451/gems/sinatra-1.4.3/lib/sinatra/base.rb:985:in `catch'
	/home/glidership/.rvm/gems/ruby-2.0.0-p451/gems/sinatra-1.4.3/lib/sinatra/base.rb:985:in `process_route'
	/home/glidership/.rvm/gems/ruby-2.0.0-p451/gems/sinatra-1.4.3/lib/sinatra/base.rb:948:in `block in route!'
	/home/glidership/.rvm/gems/ruby-2.0.0-p451/gems/sinatra-1.4.3/lib/sinatra/base.rb:947:in `each'
	/home/glidership/.rvm/gems/ruby-2.0.0-p451/gems/sinatra-1.4.3/lib/sinatra/base.rb:947:in `route!'
	/home/glidership/.rvm/gems/ruby-2.0.0-p451/gems/sinatra-1.4.3/lib/sinatra/base.rb:1059:in `block in dispatch!'
	/home/glidership/.rvm/gems/ruby-2.0.0-p451/gems/sinatra-1.4.3/lib/sinatra/base.rb:1041:in `block in invoke'
	/home/glidership/.rvm/gems/ruby-2.0.0-p451/gems/sinatra-1.4.3/lib/sinatra/base.rb:1041:in `catch'
	/home/glidership/.rvm/gems/ruby-2.0.0-p451/gems/sinatra-1.4.3/lib/sinatra/base.rb:1041:in `invoke'
	/home/glidership/.rvm/gems/ruby-2.0.0-p451/gems/sinatra-1.4.3/lib/sinatra/base.rb:1056:in `dispatch!'
	/home/glidership/.rvm/gems/ruby-2.0.0-p451/gems/sinatra-1.4.3/lib/sinatra/base.rb:882:in `block in call!'
	/home/glidership/.rvm/gems/ruby-2.0.0-p451/gems/sinatra-1.4.3/lib/sinatra/base.rb:1041:in `block in invoke'
	/home/glidership/.rvm/gems/ruby-2.0.0-p451/gems/sinatra-1.4.3/lib/sinatra/base.rb:1041:in `catch'
	/home/glidership/.rvm/gems/ruby-2.0.0-p451/gems/sinatra-1.4.3/lib/sinatra/base.rb:1041:in `invoke'
	/home/glidership/.rvm/gems/ruby-2.0.0-p451/gems/sinatra-1.4.3/lib/sinatra/base.rb:882:in `call!'
	/home/glidership/.rvm/gems/ruby-2.0.0-p451/gems/sinatra-1.4.3/lib/sinatra/base.rb:870:in `call'
	/home/glidership/.rvm/gems/ruby-2.0.0-p451/gems/omniauth-1.1.4/lib/omniauth/strategy.rb:184:in `call!'
	/home/glidership/.rvm/gems/ruby-2.0.0-p451/gems/omniauth-1.1.4/lib/omniauth/strategy.rb:164:in `call'
	/home/glidership/.rvm/gems/ruby-2.0.0-p451/gems/omniauth-1.1.4/lib/omniauth/strategy.rb:184:in `call!'
	/home/glidership/.rvm/gems/ruby-2.0.0-p451/gems/omniauth-1.1.4/lib/omniauth/strategy.rb:164:in `call'
	/home/glidership/.rvm/gems/ruby-2.0.0-p451/gems/omniauth-1.1.4/lib/omniauth/builder.rb:49:in `call'
	/home/glidership/.rvm/gems/ruby-2.0.0-p451/gems/rack-1.5.2/lib/rack/logger.rb:15:in `call'
	/home/glidership/.rvm/gems/ruby-2.0.0-p451/gems/sinatra-1.4.3/lib/sinatra/base.rb:205:in `call'
	/home/glidership/.rvm/gems/ruby-2.0.0-p451/gems/rack-1.5.2/lib/rack/head.rb:11:in `call'
	/home/glidership/.rvm/gems/ruby-2.0.0-p451/gems/sinatra-1.4.3/lib/sinatra/showexceptions.rb:21:in `call'
	/home/glidership/.rvm/gems/ruby-2.0.0-p451/gems/sinatra-1.4.3/lib/sinatra/base.rb:175:in `call'
	/home/glidership/.rvm/gems/ruby-2.0.0-p451/gems/sinatra-1.4.3/lib/sinatra/base.rb:1949:in `call'
	/home/glidership/.rvm/gems/ruby-2.0.0-p451/gems/sinatra-1.4.3/lib/sinatra/base.rb:929:in `forward'
	/home/glidership/.rvm/gems/ruby-2.0.0-p451/gems/sinatra-1.4.3/lib/sinatra/base.rb:1000:in `route_missing'
	/home/glidership/.rvm/gems/ruby-2.0.0-p451/gems/sinatra-1.4.3/lib/sinatra/base.rb:961:in `route!'
	/home/glidership/.rvm/gems/ruby-2.0.0-p451/gems/sinatra-1.4.3/lib/sinatra/base.rb:957:in `route!'
	/home/glidership/.rvm/gems/ruby-2.0.0-p451/gems/sinatra-1.4.3/lib/sinatra/base.rb:957:in `route!'
	/home/glidership/.rvm/gems/ruby-2.0.0-p451/gems/sinatra-1.4.3/lib/sinatra/base.rb:957:in `route!'
	/home/glidership/.rvm/gems/ruby-2.0.0-p451/gems/sinatra-1.4.3/lib/sinatra/base.rb:1059:in `block in dispatch!'
	/home/glidership/.rvm/gems/ruby-2.0.0-p451/gems/sinatra-1.4.3/lib/sinatra/base.rb:1041:in `block in invoke'
	/home/glidership/.rvm/gems/ruby-2.0.0-p451/gems/sinatra-1.4.3/lib/sinatra/base.rb:1041:in `catch'
	/home/glidership/.rvm/gems/ruby-2.0.0-p451/gems/sinatra-1.4.3/lib/sinatra/base.rb:1041:in `invoke'
	/home/glidership/.rvm/gems/ruby-2.0.0-p451/gems/sinatra-1.4.3/lib/sinatra/base.rb:1056:in `dispatch!'
	/home/glidership/.rvm/gems/ruby-2.0.0-p451/gems/sinatra-1.4.3/lib/sinatra/base.rb:882:in `block in call!'
	/home/glidership/.rvm/gems/ruby-2.0.0-p451/gems/sinatra-1.4.3/lib/sinatra/base.rb:1041:in `block in invoke'
	/home/glidership/.rvm/gems/ruby-2.0.0-p451/gems/sinatra-1.4.3/lib/sinatra/base.rb:1041:in `catch'
	/home/glidership/.rvm/gems/ruby-2.0.0-p451/gems/sinatra-1.4.3/lib/sinatra/base.rb:1041:in `invoke'
	/home/glidership/.rvm/gems/ruby-2.0.0-p451/gems/sinatra-1.4.3/lib/sinatra/base.rb:882:in `call!'
	/home/glidership/.rvm/gems/ruby-2.0.0-p451/gems/sinatra-1.4.3/lib/sinatra/base.rb:870:in `call'
	/home/glidership/.rvm/gems/ruby-2.0.0-p451/gems/omniauth-1.1.4/lib/omniauth/strategy.rb:184:in `call!'
	/home/glidership/.rvm/gems/ruby-2.0.0-p451/gems/omniauth-1.1.4/lib/omniauth/strategy.rb:164:in `call'
	/home/glidership/.rvm/gems/ruby-2.0.0-p451/gems/omniauth-1.1.4/lib/omniauth/strategy.rb:184:in `call!'
	/home/glidership/.rvm/gems/ruby-2.0.0-p451/gems/omniauth-1.1.4/lib/omniauth/strategy.rb:164:in `call'
	/home/glidership/.rvm/gems/ruby-2.0.0-p451/gems/omniauth-1.1.4/lib/omniauth/builder.rb:49:in `call'
	/home/glidership/.rvm/gems/ruby-2.0.0-p451/gems/rack-1.5.2/lib/rack/logger.rb:15:in `call'
	/home/glidership/.rvm/gems/ruby-2.0.0-p451/gems/sinatra-1.4.3/lib/sinatra/base.rb:205:in `call'
	/home/glidership/.rvm/gems/ruby-2.0.0-p451/gems/rack-1.5.2/lib/rack/head.rb:11:in `call'
	/home/glidership/.rvm/gems/ruby-2.0.0-p451/gems/sinatra-1.4.3/lib/sinatra/showexceptions.rb:21:in `call'
	/home/glidership/.rvm/gems/ruby-2.0.0-p451/gems/sinatra-1.4.3/lib/sinatra/base.rb:175:in `call'
	/home/glidership/.rvm/gems/ruby-2.0.0-p451/gems/sinatra-1.4.3/lib/sinatra/base.rb:1949:in `call'
	/home/glidership/.rvm/gems/ruby-2.0.0-p451/gems/sinatra-1.4.3/lib/sinatra/base.rb:929:in `forward'
	/home/glidership/.rvm/gems/ruby-2.0.0-p451/gems/sinatra-1.4.3/lib/sinatra/base.rb:1000:in `route_missing'
	/home/glidership/.rvm/gems/ruby-2.0.0-p451/gems/sinatra-1.4.3/lib/sinatra/base.rb:961:in `route!'
	/home/glidership/.rvm/gems/ruby-2.0.0-p451/gems/sinatra-1.4.3/lib/sinatra/base.rb:957:in `route!'
	/home/glidership/.rvm/gems/ruby-2.0.0-p451/gems/sinatra-1.4.3/lib/sinatra/base.rb:957:in `route!'
	/home/glidership/.rvm/gems/ruby-2.0.0-p451/gems/sinatra-1.4.3/lib/sinatra/base.rb:1059:in `block in dispatch!'
	/home/glidership/.rvm/gems/ruby-2.0.0-p451/gems/sinatra-1.4.3/lib/sinatra/base.rb:1041:in `block in invoke'
	/home/glidership/.rvm/gems/ruby-2.0.0-p451/gems/sinatra-1.4.3/lib/sinatra/base.rb:1041:in `catch'
	/home/glidership/.rvm/gems/ruby-2.0.0-p451/gems/sinatra-1.4.3/lib/sinatra/base.rb:1041:in `invoke'
	/home/glidership/.rvm/gems/ruby-2.0.0-p451/gems/sinatra-1.4.3/lib/sinatra/base.rb:1056:in `dispatch!'
	/home/glidership/.rvm/gems/ruby-2.0.0-p451/gems/sinatra-1.4.3/lib/sinatra/base.rb:882:in `block in call!'
	/home/glidership/.rvm/gems/ruby-2.0.0-p451/gems/sinatra-1.4.3/lib/sinatra/base.rb:1041:in `block in invoke'
	/home/glidership/.rvm/gems/ruby-2.0.0-p451/gems/sinatra-1.4.3/lib/sinatra/base.rb:1041:in `catch'
	/home/glidership/.rvm/gems/ruby-2.0.0-p451/gems/sinatra-1.4.3/lib/sinatra/base.rb:1041:in `invoke'
	/home/glidership/.rvm/gems/ruby-2.0.0-p451/gems/sinatra-1.4.3/lib/sinatra/base.rb:882:in `call!'
	/home/glidership/.rvm/gems/ruby-2.0.0-p451/gems/sinatra-1.4.3/lib/sinatra/base.rb:870:in `call'
	/home/glidership/.rvm/gems/ruby-2.0.0-p451/gems/rack-1.5.2/lib/rack/logger.rb:15:in `call'
	/home/glidership/.rvm/gems/ruby-2.0.0-p451/gems/sinatra-1.4.3/lib/sinatra/base.rb:205:in `call'
	/home/glidership/.rvm/gems/ruby-2.0.0-p451/gems/rack-1.5.2/lib/rack/head.rb:11:in `call'
	/home/glidership/.rvm/gems/ruby-2.0.0-p451/gems/sinatra-1.4.3/lib/sinatra/showexceptions.rb:21:in `call'
	/home/glidership/.rvm/gems/ruby-2.0.0-p451/gems/sinatra-1.4.3/lib/sinatra/base.rb:175:in `call'
	/home/glidership/.rvm/gems/ruby-2.0.0-p451/gems/sinatra-1.4.3/lib/sinatra/base.rb:1949:in `call'
	/var/www/monocle/lib/rack/csrf.rb:28:in `call'
	/home/glidership/.rvm/gems/ruby-2.0.0-p451/gems/rack-1.5.2/lib/rack/deflater.rb:25:in `call'
	/home/glidership/.rvm/gems/ruby-2.0.0-p451/gems/rack-protection-1.5.0/lib/rack/protection/xss_header.rb:18:in `call'
	/home/glidership/.rvm/gems/ruby-2.0.0-p451/gems/rack-protection-1.5.0/lib/rack/protection/base.rb:49:in `call'
	/home/glidership/.rvm/gems/ruby-2.0.0-p451/gems/rack-protection-1.5.0/lib/rack/protection/base.rb:49:in `call'
	/home/glidership/.rvm/gems/ruby-2.0.0-p451/gems/rack-protection-1.5.0/lib/rack/protection/path_traversal.rb:16:in `call'
	/home/glidership/.rvm/gems/ruby-2.0.0-p451/gems/rack-protection-1.5.0/lib/rack/protection/json_csrf.rb:18:in `call'
	/home/glidership/.rvm/gems/ruby-2.0.0-p451/gems/rack-protection-1.5.0/lib/rack/protection/base.rb:49:in `call'
	/home/glidership/.rvm/gems/ruby-2.0.0-p451/gems/rack-protection-1.5.0/lib/rack/protection/base.rb:49:in `call'
	/home/glidership/.rvm/gems/ruby-2.0.0-p451/gems/rack-1.5.2/lib/rack/session/abstract/id.rb:225:in `context'
	/home/glidership/.rvm/gems/ruby-2.0.0-p451/gems/rack-1.5.2/lib/rack/session/abstract/id.rb:220:in `call'
	/home/glidership/.rvm/gems/ruby-2.0.0-p451/gems/rack-1.5.2/lib/rack/logger.rb:15:in `call'
	/home/glidership/.rvm/gems/ruby-2.0.0-p451/gems/rack-1.5.2/lib/rack/commonlogger.rb:33:in `call'
	/home/glidership/.rvm/gems/ruby-2.0.0-p451/gems/sinatra-1.4.3/lib/sinatra/base.rb:212:in `call'
	/home/glidership/.rvm/gems/ruby-2.0.0-p451/gems/sinatra-1.4.3/lib/sinatra/base.rb:205:in `call'
	/home/glidership/.rvm/gems/ruby-2.0.0-p451/gems/rack-1.5.2/lib/rack/head.rb:11:in `call'
	/home/glidership/.rvm/gems/ruby-2.0.0-p451/gems/sinatra-1.4.3/lib/sinatra/showexceptions.rb:21:in `call'
	/home/glidership/.rvm/gems/ruby-2.0.0-p451/gems/sinatra-1.4.3/lib/sinatra/base.rb:175:in `call'
	/home/glidership/.rvm/gems/ruby-2.0.0-p451/gems/sinatra-1.4.3/lib/sinatra/base.rb:1949:in `call'
	/home/glidership/.rvm/gems/ruby-2.0.0-p451/gems/sinatra-1.4.3/lib/sinatra/base.rb:1449:in `block in call'
	/home/glidership/.rvm/gems/ruby-2.0.0-p451/gems/sinatra-1.4.3/lib/sinatra/base.rb:1726:in `synchronize'
	/home/glidership/.rvm/gems/ruby-2.0.0-p451/gems/sinatra-1.4.3/lib/sinatra/base.rb:1449:in `call'
	/home/glidership/.rvm/gems/ruby-2.0.0-p451/gems/thin-1.5.1/lib/thin/connection.rb:81:in `block in pre_process'
	/home/glidership/.rvm/gems/ruby-2.0.0-p451/gems/thin-1.5.1/lib/thin/connection.rb:79:in `catch'
	/home/glidership/.rvm/gems/ruby-2.0.0-p451/gems/thin-1.5.1/lib/thin/connection.rb:79:in `pre_process'
	/home/glidership/.rvm/gems/ruby-2.0.0-p451/gems/thin-1.5.1/lib/thin/connection.rb:54:in `process'
	/home/glidership/.rvm/gems/ruby-2.0.0-p451/gems/thin-1.5.1/lib/thin/connection.rb:39:in `receive_data'
	/home/glidership/.rvm/gems/ruby-2.0.0-p451/gems/eventmachine-1.0.3/lib/eventmachine.rb:187:in `run_machine'
	/home/glidership/.rvm/gems/ruby-2.0.0-p451/gems/eventmachine-1.0.3/lib/eventmachine.rb:187:in `run'
	/home/glidership/.rvm/gems/ruby-2.0.0-p451/gems/thin-1.5.1/lib/thin/backends/base.rb:63:in `start'
	/home/glidership/.rvm/gems/ruby-2.0.0-p451/gems/thin-1.5.1/lib/thin/server.rb:159:in `start'
	/home/glidership/.rvm/gems/ruby-2.0.0-p451/gems/thin-1.5.1/lib/thin/controllers/controller.rb:86:in `start'
	/home/glidership/.rvm/gems/ruby-2.0.0-p451/gems/thin-1.5.1/lib/thin/runner.rb:187:in `run_command'
	/home/glidership/.rvm/gems/ruby-2.0.0-p451/gems/thin-1.5.1/lib/thin/runner.rb:152:in `run!'
	/home/glidership/.rvm/gems/ruby-2.0.0-p451/gems/thin-1.5.1/bin/thin:6:in `<top (required)>'
	/home/glidership/.rvm/gems/ruby-2.0.0-p451/bin/thin:23:in `load'
	/home/glidership/.rvm/gems/ruby-2.0.0-p451/bin/thin:23:in `<main>'
	/home/glidership/.rvm/gems/ruby-2.0.0-p451/bin/ruby_executable_hooks:15:in `eval'
	/home/glidership/.rvm/gems/ruby-2.0.0-p451/bin/ruby_executable_hooks:15:in `<main>'
127.0.0.1 - - [13/Apr/2014 15:59:10] "POST /v1/posts/newest HTTP/1.1" 500 - 0.3631
127.0.0.1 - - [13/Apr/2014 15:59:10] "GET /assets/up-icon.png HTTP/1.1" 304 - 0.0060
127.0.0.1 - - [13/Apr/2014 15:59:10] "GET /assets/add-icon.png HTTP/1.1" 304 - 0.0091
127.0.0.1 - - [13/Apr/2014 15:59:10] "GET /assets/config-icon.png HTTP/1.1" 304 - 0.0071
127.0.0.1 - - [13/Apr/2014 15:59:10] "GET /assets/popular-icon-active.png HTTP/1.1" 304 - 0.0085
127.0.0.1 - - [13/Apr/2014 15:59:10] "GET /assets/newest-icon_dark.png HTTP/1.1" 304 - 0.0047
127.0.0.1 - - [13/Apr/2014 15:59:10] "GET /assets/up-icon-active.png HTTP/1.1" 304 - 0.0052
127.0.0.1 - - [13/Apr/2014 15:59:10] "GET /assets/search-icon.png HTTP/1.1" 304 - 0.0044
127.0.0.1 - - [13/Apr/2014 15:59:10] "GET /assets/feed.png HTTP/1.1" 304 - 0.0072
127.0.0.1 - - [13/Apr/2014 15:59:10] "GET /assets/popular-icon.png HTTP/1.1" 304 - 0.0064
127.0.0.1 - - [13/Apr/2014 15:59:10] "GET /assets/newest-icon.png HTTP/1.1" 304 - 0.0070
127.0.0.1 - - [13/Apr/2014 15:59:10] "GET /assets/newest-icon-active.png HTTP/1.1" 304 - 0.0084
127.0.0.1 - - [13/Apr/2014 15:59:10] "GET /assets/search-icon-hover.png HTTP/1.1" 304 - 0.0061
127.0.0.1 - - [13/Apr/2014 15:59:10] "GET /assets/up-icon-hover.png HTTP/1.1" 304 - 0.0055
127.0.0.1 - - [13/Apr/2014 15:59:13] "GET /v1/posts/5b6da85b-2aa1-462f-80e4-3e755ed49371/comments?threaded=true HTTP/1.1" 200 - 0.0098
127.0.0.1 - - [13/Apr/2014 15:59:19] "GET /v1/posts/a12a0385-9d52-46e6-952f-ceda11e299a8/comments?threaded=true HTTP/1.1" 200 - 0.0133
>> Exiting!
